<?xml version="1.0" encoding="UTF-8"?>
<!-- Generated by org.testng.reporters.JUnitReportReporter -->
<testsuite hostname="Tushar" failures="0" tests="1" name="assertion.Parameter" time="0.007" errors="0" timestamp="2022-07-06T11:44:34 IST" skipped="0">
  <testcase classname="assertion.Parameter" name="sum" time="0.007"/>
  <system-out>
    <![CDATA[sum 70]]>
  </system-out>
</testsuite> <!-- assertion.Parameter -->
