<?xml version="1.0" encoding="UTF-8"?>
<!-- Generated by org.testng.reporters.JUnitReportReporter -->
<testsuite hostname="Tushar" failures="0" tests="2" name="demo1._1Excecution" time="0.008" errors="0" timestamp="2022-07-07T20:09:26 IST" skipped="0">
  <testcase classname="demo1._1Excecution" name="login" time="0.007"/>
  <system-out>
    <![CDATA[mathod 1]]>
  </system-out>
  <testcase classname="demo1._1Excecution" name="logout" time="0.001"/>
  <system-out>
    <![CDATA[mathod 2]]>
  </system-out>
</testsuite> <!-- demo1._1Excecution -->
