<?xml version="1.0" encoding="UTF-8"?>
<!-- Generated by org.testng.reporters.JUnitReportReporter -->
<testsuite hostname="Tushar" failures="0" tests="3" name="assertion._8groups" time="0.011" errors="0" timestamp="2022-07-06T11:17:06 IST" skipped="0">
  <testcase classname="assertion._8groups" name="m3" time="0.001"/>
  <system-out>
    <![CDATA[m3]]>
  </system-out>
  <testcase classname="assertion._8groups" name="m2" time="0.001"/>
  <system-out>
    <![CDATA[m2]]>
  </system-out>
  <testcase classname="assertion._8groups" name="m1" time="0.009"/>
  <system-out>
    <![CDATA[m1]]>
  </system-out>
</testsuite> <!-- assertion._8groups -->
