<?xml version="1.0" encoding="UTF-8"?>
<!-- Generated by org.testng.reporters.JUnitReportReporter -->
<testsuite hostname="Tushar" failures="0" tests="1" name="assertion.__groups" time="0.001" errors="0" timestamp="2022-07-06T10:34:59 IST" skipped="0">
  <testcase classname="assertion.__groups" name="m5" time="0.001"/>
  <system-out>
    <![CDATA[m5]]>
  </system-out>
</testsuite> <!-- assertion.__groups -->
