<?xml version="1.0" encoding="UTF-8"?>
<!-- Generated by org.testng.reporters.JUnitReportReporter -->
<testsuite hostname="Tushar" failures="0" tests="2" name="assertion._3assertnotequal" time="0.009" errors="0" timestamp="2022-07-05T18:06:38 IST" skipped="0">
  <testcase classname="assertion._3assertnotequal" name="zerodha" time="0.008"/>
  <system-out>
    <![CDATA[Test case failed]]>
  </system-out>
  <testcase classname="assertion._3assertnotequal" name="zerodha1" time="0.001"/>
  <system-out>
    <![CDATA[Test case pass]]>
  </system-out>
</testsuite> <!-- assertion._3assertnotequal -->
