<?xml version="1.0" encoding="UTF-8"?>
<!-- Generated by org.testng.reporters.JUnitReportReporter -->
<testsuite hostname="Tushar" failures="0" tests="3" name="assertion._9parallel" time="0.010" errors="0" timestamp="2022-07-06T10:37:11 IST" skipped="0">
  <testcase classname="assertion._9parallel" name="m3" time="0.001"/>
  <system-out>
    <![CDATA[m3]]>
  </system-out>
  <testcase classname="assertion._9parallel" name="m1" time="0.007"/>
  <system-out>
    <![CDATA[m1]]>
  </system-out>
  <testcase classname="assertion._9parallel" name="m2" time="0.002"/>
  <system-out>
    <![CDATA[m2]]>
  </system-out>
</testsuite> <!-- assertion._9parallel -->
