<?xml version="1.0" encoding="UTF-8"?>
<!-- Generated by org.testng.reporters.JUnitReportReporter -->
<testsuite hostname="Tushar" failures="0" tests="2" name="assertion.__Parallel" time="0.008" errors="0" timestamp="2022-07-06T10:37:11 IST" skipped="0">
  <testcase classname="assertion.__Parallel" name="m4" time="0.007"/>
  <system-out>
    <![CDATA[m4]]>
  </system-out>
  <testcase classname="assertion.__Parallel" name="m5" time="0.001"/>
  <system-out>
    <![CDATA[m5]]>
  </system-out>
</testsuite> <!-- assertion.__Parallel -->
