<?xml version="1.0" encoding="UTF-8"?>
<!-- Generated by org.testng.reporters.JUnitReportReporter -->
<testsuite hostname="Tushar" failures="0" tests="1" name="assertion._4asserttrue" time="3.735" errors="0" timestamp="2022-07-05T18:57:32 IST" skipped="0">
  <testcase classname="assertion._4asserttrue" name="launchUrl" time="3.735"/>
  <system-out/>
</testsuite> <!-- assertion._4asserttrue -->
